# JRE version: Java(TM) SE Runtime Environment 18.9 (11.0.12+8) (build 11.0.12+8-LTS-237)
# Java VM: Java HotSpot(TM) 64-Bit Server VM 18.9 (11.0.12+8-LTS-237, mixed mode, tiered, compressed oops, g1 gc, windows-amd64)
Heap:
 garbage-first heap   total 86016K, used 45493K [0x0000000701c00000, 0x0000000800000000)
  region size 1024K, 23 young (23552K), 4 survivors (4096K)
 Metaspace       used 73405K, capacity 75210K, committed 75344K, reserved 1114112K
  class space    used 9205K, capacity 9945K, committed 9984K, reserved 1048576K
GC Heap History (10 events):
Event: 6.970 GC heap before
{Heap before GC invocations=8 (full 0):
 garbage-first heap   total 262144K, used 132213K [0x0000000701c00000, 0x0000000800000000)
  region size 1024K, 124 young (126976K), 10 survivors (10240K)
 Metaspace       used 58840K, capacity 60156K, committed 60240K, reserved 1101824K
  class space    used 7358K, capacity 7904K, committed 7936K, reserved 1048576K
}
Event: 6.980 GC heap after
{Heap after GC invocations=9 (full 0):
 garbage-first heap   total 262144K, used 21533K [0x0000000701c00000, 0x0000000800000000)
  region size 1024K, 15 young (15360K), 15 survivors (15360K)
 Metaspace       used 58840K, capacity 60156K, committed 60240K, reserved 1101824K
  class space    used 7358K, capacity 7904K, committed 7936K, reserved 1048576K
}
Event: 424.928 GC heap before
{Heap before GC invocations=10 (full 0):
 garbage-first heap   total 262144K, used 141341K [0x0000000701c00000, 0x0000000800000000)
  region size 1024K, 133 young (136192K), 15 survivors (15360K)
 Metaspace       used 72277K, capacity 74073K, committed 74320K, reserved 1114112K
  class space    used 9156K, capacity 9886K, committed 9984K, reserved 1048576K
}
Event: 424.990 GC heap after
{Heap after GC invocations=11 (full 1):
 garbage-first heap   total 86016K, used 23295K [0x0000000701c00000, 0x0000000800000000)
  region size 1024K, 0 young (0K), 0 survivors (0K)
 Metaspace       used 72277K, capacity 74073K, committed 74320K, reserved 1114112K
  class space    used 9156K, capacity 9886K, committed 9984K, reserved 1048576K
}
Event: 426.129 GC heap before
{Heap before GC invocations=11 (full 1):
 garbage-first heap   total 86016K, used 63231K [0x0000000701c00000, 0x0000000800000000)
  region size 1024K, 40 young (40960K), 0 survivors (0K)
 Metaspace       used 72582K, capacity 74490K, committed 74576K, reserved 1114112K
  class space    used 9173K, capacity 9932K, committed 9984K, reserved 1048576K
}
Event: 426.132 GC heap after
{Heap after GC invocations=12 (full 1):
 garbage-first heap   total 86016K, used 26784K [0x0000000701c00000, 0x0000000800000000)
  region size 1024K, 4 young (4096K), 4 survivors (4096K)
 Metaspace       used 72582K, capacity 74490K, committed 74576K, reserved 1114112K
  class space    used 9173K, capacity 9932K, committed 9984K, reserved 1048576K
}
Event: 426.199 GC heap before
{Heap before GC invocations=12 (full 1):
 garbage-first heap   total 86016K, used 63648K [0x0000000701c00000, 0x0000000800000000)
  region size 1024K, 41 young (41984K), 4 survivors (4096K)
 Metaspace       used 72625K, capacity 74490K, committed 74576K, reserved 1114112K
  class space    used 9174K, capacity 9932K, committed 9984K, reserved 1048576K
}
Event: 426.202 GC heap after
{Heap after GC invocations=13 (full 1):
 garbage-first heap   total 86016K, used 26336K [0x0000000701c00000, 0x0000000800000000)
  region size 1024K, 3 young (3072K), 3 survivors (3072K)
 Metaspace       used 72625K, capacity 74490K, committed 74576K, reserved 1114112K
  class space    used 9174K, capacity 9932K, committed 9984K, reserved 1048576K
}
Event: 427.282 GC heap before
{Heap before GC invocations=13 (full 1):
 garbage-first heap   total 86016K, used 67296K [0x0000000701c00000, 0x0000000800000000)
  region size 1024K, 43 young (44032K), 3 survivors (3072K)
 Metaspace       used 73012K, capacity 74993K, committed 75088K, reserved 1114112K
  class space    used 9186K, capacity 9941K, committed 9984K, reserved 1048576K
}
Event: 427.286 GC heap after
{Heap after GC invocations=14 (full 1):
 garbage-first heap   total 86016K, used 27061K [0x0000000701c00000, 0x0000000800000000)
  region size 1024K, 4 young (4096K), 4 survivors (4096K)
 Metaspace       used 73012K, capacity 74993K, committed 75088K, reserved 1114112K
  class space    used 9186K, capacity 9941K, committed 9984K, reserved 1048576K
}

